version: 1

#!RESULT OK
#!CONNECTION ldap://localhost:389
#!DATE 2013-09-10T09:32:31.963
dn: dicomDeviceName=echoscp,cn=Devices,cn=DICOM Configuration,dc=example,dc=
 com
objectClass: dicomDevice
objectClass: dcmDevice
dicomDeviceName: echoscp
dicomInstalled: TRUE
dcmKeyStoreURL: resource:key.jks
dcmKeyStoreType: JKS
dcmKeyStorePin: secret

#!RESULT OK
#!CONNECTION ldap://localhost:389
#!DATE 2013-09-10T09:32:31.968
dn: cn=dicom,dicomDeviceName=echoscp,cn=Devices,cn=DICOM Configuration,dc=ex
 ample,dc=com
objectClass: dicomNetworkConnection
objectClass: dcmNetworkConnection
dicomHostname: localhost
cn: dicom
dicomPort: 11112

#!RESULT OK
#!CONNECTION ldap://localhost:389
#!DATE 2013-09-10T09:32:31.971
dn: cn=dicom-tls,dicomDeviceName=echoscp,cn=Devices,cn=DICOM Configuration,d
 c=example,dc=com
objectClass: dicomNetworkConnection
objectClass: dcmNetworkConnection
dicomHostname: localhost
cn: dicom-tls
dcmTLSNeedClientAuth: FALSE
dcmTLSProtocol: TLSv1
dcmTLSProtocol: SSLv3
dicomPort: 2762
dicomTLSCipherSuite: TLS_RSA_WITH_AES_128_CBC_SHA
dicomTLSCipherSuite: SSL_RSA_WITH_3DES_EDE_CBC_SHA

#!RESULT OK
#!CONNECTION ldap://localhost:389
#!DATE 2013-09-10T09:32:31.975
dn: dicomAETitle=ECHOSCP,dicomDeviceName=echoscp,cn=Devices,cn=DICOM Configu
 ration,dc=example,dc=com
objectClass: dicomNetworkAE
objectClass: dcmNetworkAE
dicomAETitle: ECHOSCP
dicomAssociationAcceptor: TRUE
dicomAssociationInitiator: FALSE
dicomNetworkConnectionReference: cn=dicom,dicomDeviceName=echoscp,cn=Devices
 ,cn=DICOM Configuration,dc=example,dc=com
dicomNetworkConnectionReference: cn=dicom-tls,dicomDeviceName=echoscp,cn=Dev
 ices,cn=DICOM Configuration,dc=example,dc=com

#!RESULT OK
#!CONNECTION ldap://localhost:389
#!DATE 2013-09-10T09:32:31.985
dn: cn=Verification SOP Class SCP,dicomAETitle=ECHOSCP,dicomDeviceName=echos
 cp,cn=Devices,cn=DICOM Configuration,dc=example,dc=com
dicomSOPClass: 1.2.840.10008.1.1
dicomTransferRole: SCP
dicomTransferSyntax: 1.2.840.10008.1.2
objectClass: dicomTransferCapability
objectClass: dcmTransferCapability
cn: Verification SOP Class SCP

